<?xml version="1.0" encoding="utf-8"?><testsuites name="pytest tests"><testsuite name="pytest" errors="0" failures="0" skipped="0" tests="14" time="23.986" timestamp="2026-04-21T15:11:02.362685+00:00" hostname="agent-env-751d21a5-a0e1-42d2-ab81-e1ca371300b0"><testcase classname="backend.tests.test_chat_mi.TestChatMiStreaming" name="test_chat_stream_without_auth_returns_sse" time="2.775" /><testcase classname="backend.tests.test_chat_mi.TestChatMiStreaming" name="test_chat_stream_mentions_authorized_brands" time="3.404" /><testcase classname="backend.tests.test_chat_mi.TestChatMiStreaming" name="test_chat_stream_no_technical_diagnosis" time="4.083" /><testcase classname="backend.tests.test_chat_mi.TestChatSessionsAuth" name="test_chat_sessions_without_auth_returns_401" time="0.178" /><testcase classname="backend.tests.test_chat_mi.TestChatSessionsAuth" name="test_get_chat_sessions_without_auth_returns_empty" time="0.226" /><testcase classname="backend.tests.test_chat_mi.TestChatSessionsAuthenticated" name="test_create_chat_session" time="0.470" /><testcase classname="backend.tests.test_chat_mi.TestChatSessionsAuthenticated" name="test_list_chat_sessions" time="0.615" /><testcase classname="backend.tests.test_chat_mi.TestChatSessionsAuthenticated" name="test_chat_stream_with_session_persists_messages" time="3.387" /><testcase classname="backend.tests.test_chat_mi.TestChatSessionsAuthenticated" name="test_delete_chat_session" time="0.638" /><testcase classname="backend.tests.test_chat_mi.TestExistingEndpoints" name="test_auth_login" time="0.331" /><testcase classname="backend.tests.test_chat_mi.TestExistingEndpoints" name="test_blog_endpoint" time="0.123" /><testcase classname="backend.tests.test_chat_mi.TestExistingEndpoints" name="test_equipment_types" time="0.134" /><testcase classname="backend.tests.test_chat_mi.TestExistingEndpoints" name="test_cep_lookup" time="0.288" /><testcase classname="backend.tests.test_chat_mi.TestTokenLimit" name="test_response_token_limit" time="7.227" /></testsuite></testsuites>