<?xml version="1.0" encoding="utf-8"?><testsuites name="pytest tests"><testsuite name="pytest" errors="0" failures="0" skipped="0" tests="24" time="30.598" timestamp="2026-04-22T04:11:10.856551+00:00" hostname="agent-env-751d21a5-a0e1-42d2-ab81-e1ca371300b0"><testcase classname="backend.tests.test_new_features.TestChatUpload" name="test_upload_valid_png_image" time="0.210" /><testcase classname="backend.tests.test_new_features.TestChatUpload" name="test_upload_valid_jpeg_image" time="0.162" /><testcase classname="backend.tests.test_new_features.TestChatUpload" name="test_upload_non_image_returns_400" time="0.133" /><testcase classname="backend.tests.test_new_features.TestChatFeedback" name="test_feedback_up_returns_ok" time="0.134" /><testcase classname="backend.tests.test_new_features.TestChatFeedback" name="test_feedback_down_returns_ok" time="0.144" /><testcase classname="backend.tests.test_new_features.TestChatFeedback" name="test_feedback_invalid_rating_returns_400" time="0.217" /><testcase classname="backend.tests.test_new_features.TestChatSTT" name="test_stt_empty_audio_returns_error" time="6.370" /><testcase classname="backend.tests.test_new_features.TestChatSTT" name="test_stt_invalid_audio_returns_error" time="6.066" /><testcase classname="backend.tests.test_new_features.TestChatSTT" name="test_stt_response_structure" time="6.271" /><testcase classname="backend.tests.test_new_features.TestSuggestSchedule" name="test_defect_message_emits_suggest_schedule" time="5.322" /><testcase classname="backend.tests.test_new_features.TestSuggestSchedule" name="test_common_message_no_suggest_schedule" time="1.622" /><testcase classname="backend.tests.test_new_features.TestAuthFullUser" name="test_register_returns_full_user" time="0.336" /><testcase classname="backend.tests.test_new_features.TestAuthFullUser" name="test_login_returns_full_user" time="0.343" /><testcase classname="backend.tests.test_new_features.TestAuthFullUser" name="test_me_returns_full_user" time="0.412" /><testcase classname="backend.tests.test_new_features.TestAuthFullUser" name="test_refresh_token_works" time="0.453" /><testcase classname="backend.tests.test_new_features.TestCookieSettings" name="test_login_sets_cookies_correctly" time="0.335" /><testcase classname="backend.tests.test_new_features.TestCookieSettings" name="test_register_sets_cookies_correctly" time="0.356" /><testcase classname="backend.tests.test_new_features.TestExistingEndpointsRegression" name="test_blog_endpoint" time="0.119" /><testcase classname="backend.tests.test_new_features.TestExistingEndpointsRegression" name="test_equipment_types" time="0.123" /><testcase classname="backend.tests.test_new_features.TestExistingEndpointsRegression" name="test_equipment_brands" time="0.111" /><testcase classname="backend.tests.test_new_features.TestExistingEndpointsRegression" name="test_cep_lookup" time="0.249" /><testcase classname="backend.tests.test_new_features.TestExistingEndpointsRegression" name="test_chat_sessions_get" time="0.148" /><testcase classname="backend.tests.test_new_features.TestExistingEndpointsRegression" name="test_service_orders_post" time="0.389" /><testcase classname="backend.tests.test_new_features.TestExistingEndpointsRegression" name="test_service_orders_get" time="0.440" /></testsuite></testsuites>